[debug] [2023-10-02T00:37:21.963Z] ----------------------------------------------------------------------
[debug] [2023-10-02T00:37:21.965Z] Command:       C:\Program Files\nodejs\node.exe C:\Users\ABB7214\AppData\Roaming\npm\node_modules\firebase-tools\lib\bin\firebase.js deploy
[debug] [2023-10-02T00:37:21.966Z] CLI Version:   12.6.1
[debug] [2023-10-02T00:37:21.966Z] Platform:      win32
[debug] [2023-10-02T00:37:21.967Z] Node Version:  v16.13.2
[debug] [2023-10-02T00:37:21.969Z] Time:          Sun Oct 01 2023 20:37:21 GMT-0400 (Eastern Daylight Time)
[debug] [2023-10-02T00:37:21.969Z] ----------------------------------------------------------------------
[debug] 
[debug] [2023-10-02T00:37:21.986Z] >>> [apiv2][query] GET https://firebase-public.firebaseio.com/cli.json [none]
[debug] [2023-10-02T00:37:22.170Z] > command requires scopes: ["email","openid","https://www.googleapis.com/auth/cloudplatformprojects.readonly","https://www.googleapis.com/auth/firebase","https://www.googleapis.com/auth/cloud-platform"]
[debug] [2023-10-02T00:37:22.170Z] > authorizing via signed-in user (blaws006@gmail.com)
[debug] [2023-10-02T00:37:22.170Z] [iam] checking project nucampsite-f97db for permissions ["firebase.projects.get","firebasehosting.sites.update"]
[debug] [2023-10-02T00:37:22.175Z] > refreshing access token with scopes: []
[debug] [2023-10-02T00:37:22.176Z] >>> [apiv2][query] POST https://www.googleapis.com/oauth2/v3/token [none]
[debug] [2023-10-02T00:37:22.176Z] >>> [apiv2][body] POST https://www.googleapis.com/oauth2/v3/token [omitted]
[debug] [2023-10-02T00:37:22.397Z] <<< [apiv2][status] GET https://firebase-public.firebaseio.com/cli.json 200
[debug] [2023-10-02T00:37:22.397Z] <<< [apiv2][body] GET https://firebase-public.firebaseio.com/cli.json {"cloudBuildErrorAfter":1594252800000,"cloudBuildWarnAfter":1590019200000,"defaultNode10After":1594252800000,"minVersion":"3.0.5","node8DeploysDisabledAfter":1613390400000,"node8RuntimeDisabledAfter":1615809600000,"node8WarnAfter":1600128000000}
[debug] [2023-10-02T00:37:22.632Z] <<< [apiv2][status] POST https://www.googleapis.com/oauth2/v3/token 200
[debug] [2023-10-02T00:37:22.633Z] <<< [apiv2][body] POST https://www.googleapis.com/oauth2/v3/token [omitted]
[debug] [2023-10-02T00:37:22.656Z] >>> [apiv2][query] POST https://cloudresourcemanager.googleapis.com/v1/projects/nucampsite-f97db:testIamPermissions [none]
[debug] [2023-10-02T00:37:22.656Z] >>> [apiv2][(partial)header] POST https://cloudresourcemanager.googleapis.com/v1/projects/nucampsite-f97db:testIamPermissions x-goog-quota-user=projects/nucampsite-f97db
[debug] [2023-10-02T00:37:22.656Z] >>> [apiv2][body] POST https://cloudresourcemanager.googleapis.com/v1/projects/nucampsite-f97db:testIamPermissions {"permissions":["firebase.projects.get","firebasehosting.sites.update"]}
[debug] [2023-10-02T00:37:23.367Z] <<< [apiv2][status] POST https://cloudresourcemanager.googleapis.com/v1/projects/nucampsite-f97db:testIamPermissions 200
[debug] [2023-10-02T00:37:23.367Z] <<< [apiv2][body] POST https://cloudresourcemanager.googleapis.com/v1/projects/nucampsite-f97db:testIamPermissions {}
[debug] [2023-10-02T00:37:23.367Z] [iam] error while checking permissions, command may fail: FirebaseError: Authorization failed. This account is missing the following required permissions on project nucampsite-f97db:

  firebase.projects.get
  firebasehosting.sites.update
[debug] [2023-10-02T00:37:23.368Z] >>> [apiv2][query] GET https://firebase.googleapis.com/v1beta1/projects/nucampsite-f97db [none]
[debug] [2023-10-02T00:37:24.081Z] <<< [apiv2][status] GET https://firebase.googleapis.com/v1beta1/projects/nucampsite-f97db 403
[debug] [2023-10-02T00:37:24.081Z] <<< [apiv2][body] GET https://firebase.googleapis.com/v1beta1/projects/nucampsite-f97db {"error":{"code":403,"message":"The caller does not have permission","status":"PERMISSION_DENIED"}}
[debug] [2023-10-02T00:37:24.082Z] HTTP Error: 403, The caller does not have permission
[debug] [2023-10-02T00:37:24.491Z] FirebaseError: HTTP Error: 403, The caller does not have permission
    at responseToError (C:\Users\ABB7214\AppData\Roaming\npm\node_modules\firebase-tools\lib\responseToError.js:49:12)
    at RetryOperation._fn (C:\Users\ABB7214\AppData\Roaming\npm\node_modules\firebase-tools\lib\apiv2.js:285:77)
    at processTicksAndRejections (node:internal/process/task_queues:96:5)
[error] 
[error] Error: Failed to get Firebase project nucampsite-f97db. Please make sure the project exists and your account has permission to access it.
